# JRE version: 7.0_25-b15
# Java VM: Java HotSpot(TM) 64-Bit Server VM (23.25-b01 mixed mode linux-amd64 compressed oops)
Heap
 def new generation   total 20800K, used 8623K [0x0000000080000000, 0x0000000081690000, 0x0000000095550000)
  eden space 18496K,  37% used [0x0000000080000000, 0x00000000806d1ae0, 0x0000000081210000)
  from space 2304K,  71% used [0x0000000081450000, 0x00000000815ea2a0, 0x0000000081690000)
  to   space 2304K,   0% used [0x0000000081210000, 0x0000000081210000, 0x0000000081450000)
 tenured generation   total 46064K, used 28964K [0x0000000095550000, 0x000000009824c000, 0x00000000c0000000)
   the space 46064K,  62% used [0x0000000095550000, 0x00000000971991e8, 0x0000000097199200, 0x000000009824c000)
 compacting perm gen  total 64768K, used 64616K [0x00000000c0000000, 0x00000000c3f40000, 0x0000000100000000)
   the space 64768K,  99% used [0x00000000c0000000, 0x00000000c3f1a058, 0x00000000c3f1a200, 0x00000000c3f40000)
GC Heap History (10 events):
Event: 685.227 GC heap before
{Heap before GC invocations=46 (full 7):
 def new generation   total 20800K, used 18496K [0x0000000080000000, 0x0000000081690000, 0x0000000095550000)
  eden space 18496K, 100% used [0x0000000080000000, 0x0000000081210000, 0x0000000081210000)
  from space 2304K,   0% used [0x0000000081210000, 0x0000000081210000, 0x0000000081450000)
  to   space 2304K,   0% used [0x0000000081450000, 0x0000000081450000, 0x0000000081690000)
 tenured generation   total 46064K, used 27334K [0x0000000095550000, 0x000000009824c000, 0x00000000c0000000)
   the space 46064K,  59% used [0x0000000095550000, 0x0000000097001800, 0x0000000097001800, 0x000000009824c000)
 compacting perm gen  total 61568K, used 61436K [0x00000000c0000000, 0x00000000c3c20000, 0x0000000100000000)
   the space 61568K,  99% used [0x00000000c0000000, 0x00000000c3bff250, 0x00000000c3bff400, 0x00000000c3c20000)
No shared spaces configured.
Event: 685.233 GC heap after
Heap after GC invocations=47 (full 7):
 def new generation   total 20800K, used 1964K [0x0000000080000000, 0x0000000081690000, 0x0000000095550000)
  eden space 18496K,   0% used [0x0000000080000000, 0x0000000080000000, 0x0000000081210000)
  from space 2304K,  85% used [0x0000000081450000, 0x000000008163b3e8, 0x0000000081690000)
  to   space 2304K,   0% used [0x0000000081210000, 0x0000000081210000, 0x0000000081450000)
 tenured generation   total 46064K, used 27334K [0x0000000095550000, 0x000000009824c000, 0x00000000c0000000)
   the space 46064K,  59% used [0x0000000095550000, 0x0000000097001800, 0x0000000097001800, 0x000000009824c000)
 compacting perm gen  total 61568K, used 61436K [0x00000000c0000000, 0x00000000c3c20000, 0x0000000100000000)
   the space 61568K,  99% used [0x00000000c0000000, 0x00000000c3bff250, 0x00000000c3bff400, 0x00000000c3c20000)
No shared spaces configured.
}
Event: 686.607 GC heap before
{Heap before GC invocations=47 (full 7):
 def new generation   total 20800K, used 20460K [0x0000000080000000, 0x0000000081690000, 0x0000000095550000)
  eden space 18496K, 100% used [0x0000000080000000, 0x0000000081210000, 0x0000000081210000)
  from space 2304K,  85% used [0x0000000081450000, 0x000000008163b3e8, 0x0000000081690000)
  to   space 2304K,   0% used [0x0000000081210000, 0x0000000081210000, 0x0000000081450000)
 tenured generation   total 46064K, used 27334K [0x0000000095550000, 0x000000009824c000, 0x00000000c0000000)
   the space 46064K,  59% used [0x0000000095550000, 0x0000000097001800, 0x0000000097001800, 0x000000009824c000)
 compacting perm gen  total 62208K, used 61989K [0x00000000c0000000, 0x00000000c3cc0000, 0x0000000100000000)
   the space 62208K,  99% used [0x00000000c0000000, 0x00000000c3c89748, 0x00000000c3c89800, 0x00000000c3cc0000)
No shared spaces configured.
Event: 686.618 GC heap after
Heap after GC invocations=48 (full 7):
 def new generation   total 20800K, used 1293K [0x0000000080000000, 0x0000000081690000, 0x0000000095550000)
  eden space 18496K,   0% used [0x0000000080000000, 0x0000000080000000, 0x0000000081210000)
  from space 2304K,  56% used [0x0000000081210000, 0x0000000081353400, 0x0000000081450000)
  to   space 2304K,   0% used [0x0000000081450000, 0x0000000081450000, 0x0000000081690000)
 tenured generation   total 46064K, used 27956K [0x0000000095550000, 0x000000009824c000, 0x00000000c0000000)
   the space 46064K,  60% used [0x0000000095550000, 0x000000009709d248, 0x000000009709d400, 0x000000009824c000)
 compacting perm gen  total 62208K, used 61989K [0x00000000c0000000, 0x00000000c3cc0000, 0x0000000100000000)
   the space 62208K,  99% used [0x00000000c0000000, 0x00000000c3c89748, 0x00000000c3c89800, 0x00000000c3cc0000)
No shared spaces configured.
}
Event: 687.202 GC heap before
{Heap before GC invocations=48 (full 7):
 def new generation   total 20800K, used 19789K [0x0000000080000000, 0x0000000081690000, 0x0000000095550000)
  eden space 18496K, 100% used [0x0000000080000000, 0x0000000081210000, 0x0000000081210000)
  from space 2304K,  56% used [0x0000000081210000, 0x0000000081353400, 0x0000000081450000)
  to   space 2304K,   0% used [0x0000000081450000, 0x0000000081450000, 0x0000000081690000)
 tenured generation   total 46064K, used 27956K [0x0000000095550000, 0x000000009824c000, 0x00000000c0000000)
   the space 46064K,  60% used [0x0000000095550000, 0x000000009709d248, 0x000000009709d400, 0x000000009824c000)
 compacting perm gen  total 62848K, used 62807K [0x00000000c0000000, 0x00000000c3d60000, 0x0000000100000000)
   the space 62848K,  99% used [0x00000000c0000000, 0x00000000c3d55dd8, 0x00000000c3d55e00, 0x00000000c3d60000)
No shared spaces configured.
Event: 687.212 GC heap after
Heap after GC invocations=49 (full 7):
 def new generation   total 20800K, used 1266K [0x0000000080000000, 0x0000000081690000, 0x0000000095550000)
  eden space 18496K,   0% used [0x0000000080000000, 0x0000000080000000, 0x0000000081210000)
  from space 2304K,  54% used [0x0000000081450000, 0x000000008158cb20, 0x0000000081690000)
  to   space 2304K,   0% used [0x0000000081210000, 0x0000000081210000, 0x0000000081450000)
 tenured generation   total 46064K, used 28446K [0x0000000095550000, 0x000000009824c000, 0x00000000c0000000)
   the space 46064K,  61% used [0x0000000095550000, 0x00000000971178b0, 0x0000000097117a00, 0x000000009824c000)
 compacting perm gen  total 62848K, used 62807K [0x00000000c0000000, 0x00000000c3d60000, 0x0000000100000000)
   the space 62848K,  99% used [0x00000000c0000000, 0x00000000c3d55dd8, 0x00000000c3d55e00, 0x00000000c3d60000)
No shared spaces configured.
}
Event: 687.792 GC heap before
{Heap before GC invocations=49 (full 7):
 def new generation   total 20800K, used 19762K [0x0000000080000000, 0x0000000081690000, 0x0000000095550000)
  eden space 18496K, 100% used [0x0000000080000000, 0x0000000081210000, 0x0000000081210000)
  from space 2304K,  54% used [0x0000000081450000, 0x000000008158cb20, 0x0000000081690000)
  to   space 2304K,   0% used [0x0000000081210000, 0x0000000081210000, 0x0000000081450000)
 tenured generation   total 46064K, used 28446K [0x0000000095550000, 0x000000009824c000, 0x00000000c0000000)
   the space 46064K,  61% used [0x0000000095550000, 0x00000000971178b0, 0x0000000097117a00, 0x000000009824c000)
 compacting perm gen  total 63488K, used 63407K [0x00000000c0000000, 0x00000000c3e00000, 0x0000000100000000)
   the space 63488K,  99% used [0x00000000c0000000, 0x00000000c3debd08, 0x00000000c3debe00, 0x00000000c3e00000)
No shared spaces configured.
Event: 687.799 GC heap after
Heap after GC invocations=50 (full 7):
 def new generation   total 20800K, used 702K [0x0000000080000000, 0x0000000081690000, 0x0000000095550000)
  eden space 18496K,   0% used [0x0000000080000000, 0x0000000080000000, 0x0000000081210000)
  from space 2304K,  30% used [0x0000000081210000, 0x00000000812bfbb8, 0x0000000081450000)
  to   space 2304K,   0% used [0x0000000081450000, 0x0000000081450000, 0x0000000081690000)
 tenured generation   total 46064K, used 28964K [0x0000000095550000, 0x000000009824c000, 0x00000000c0000000)
   the space 46064K,  62% used [0x0000000095550000, 0x00000000971991e8, 0x0000000097199200, 0x000000009824c000)
 compacting perm gen  total 63488K, used 63407K [0x00000000c0000000, 0x00000000c3e00000, 0x0000000100000000)
   the space 63488K,  99% used [0x00000000c0000000, 0x00000000c3debd08, 0x00000000c3debe00, 0x00000000c3e00000)
No shared spaces configured.
}
Event: 688.569 GC heap before
{Heap before GC invocations=50 (full 7):
 def new generation   total 20800K, used 19198K [0x0000000080000000, 0x0000000081690000, 0x0000000095550000)
  eden space 18496K, 100% used [0x0000000080000000, 0x0000000081210000, 0x0000000081210000)
  from space 2304K,  30% used [0x0000000081210000, 0x00000000812bfbb8, 0x0000000081450000)
  to   space 2304K,   0% used [0x0000000081450000, 0x0000000081450000, 0x0000000081690000)
 tenured generation   total 46064K, used 28964K [0x0000000095550000, 0x000000009824c000, 0x00000000c0000000)
   the space 46064K,  62% used [0x0000000095550000, 0x00000000971991e8, 0x0000000097199200, 0x000000009824c000)
 compacting perm gen  total 64768K, used 64616K [0x00000000c0000000, 0x00000000c3f40000, 0x0000000100000000)
   the space 64768K,  99% used [0x00000000c0000000, 0x00000000c3f1a058, 0x00000000c3f1a200, 0x00000000c3f40000)
No shared spaces configured.
Event: 688.580 GC heap after
Heap after GC invocations=51 (full 7):
 def new generation   total 20800K, used 1640K [0x0000000080000000, 0x0000000081690000, 0x0000000095550000)
  eden space 18496K,   0% used [0x0000000080000000, 0x0000000080000000, 0x0000000081210000)
  from space 2304K,  71% used [0x0000000081450000, 0x00000000815ea2a0, 0x0000000081690000)
  to   space 2304K,   0% used [0x0000000081210000, 0x0000000081210000, 0x0000000081450000)
 tenured generation   total 46064K, used 28964K [0x0000000095550000, 0x000000009824c000, 0x00000000c0000000)
   the space 46064K,  62% used [0x0000000095550000, 0x00000000971991e8, 0x0000000097199200, 0x000000009824c000)
 compacting perm gen  total 64768K, used 64616K [0x00000000c0000000, 0x00000000c3f40000, 0x0000000100000000)
   the space 64768K,  99% used [0x00000000c0000000, 0x00000000c3f1a058, 0x00000000c3f1a200, 0x00000000c3f40000)
No shared spaces configured.
}

